<?xml version="1.0" encoding="UTF-8"?>
<testng-results skipped="0" failed="0" ignored="0" total="1" passed="1">
  <reporter-output>
  </reporter-output>
  <suite name="DafaterRegression" duration-ms="1373" started-at="2018-12-04T10:16:35Z" finished-at="2018-12-04T10:16:36Z">
    <groups>
    </groups>
    <test name="test" duration-ms="1373" started-at="2018-12-04T10:16:35Z" finished-at="2018-12-04T10:16:36Z">
      <class name="Dafater_Auto_MyOwn.Selenuim.LoginPage_Test">
        <test-method status="PASS" signature="Initiation(java.lang.String)[pri:0, instance:Dafater_Auto_MyOwn.Selenuim.LoginPage_Test@124409e]" name="Initiation" is-config="true" duration-ms="29097" started-at="2018-12-04T10:16:06Z" finished-at="2018-12-04T10:16:35Z">
          <params>
            <param index="0">
              <value>
                <![CDATA[hhhh]]>
              </value>
            </param>
          </params>
          <reporter-output>
          </reporter-output>
        </test-method> <!-- Initiation -->
        <test-method status="PASS" signature="Login_With_Valid_Data()[pri:0, instance:Dafater_Auto_MyOwn.Selenuim.LoginPage_Test@124409e]" name="Login_With_Valid_Data" duration-ms="1054" started-at="2018-12-04T10:16:35Z" finished-at="2018-12-04T10:16:36Z">
          <reporter-output>
          </reporter-output>
        </test-method> <!-- Login_With_Valid_Data -->
        <test-method status="PASS" signature="ScreenshotOnFailure(org.testng.ITestResult)[pri:0, instance:Dafater_Auto_MyOwn.Selenuim.LoginPage_Test@124409e]" name="ScreenshotOnFailure" is-config="true" duration-ms="1" started-at="2018-12-04T10:16:36Z" finished-at="2018-12-04T10:16:36Z">
          <params>
            <param index="0">
              <value>
                <![CDATA[[TestResult name=Login_With_Valid_Data status=SUCCESS method=LoginPage_Test.Login_With_Valid_Data()[pri:0, instance:Dafater_Auto_MyOwn.Selenuim.LoginPage_Test@124409e] output={null}]]]>
              </value>
            </param>
          </params>
          <reporter-output>
          </reporter-output>
        </test-method> <!-- ScreenshotOnFailure -->
        <test-method status="PASS" signature="TearDown()[pri:0, instance:Dafater_Auto_MyOwn.Selenuim.LoginPage_Test@124409e]" name="TearDown" is-config="true" duration-ms="931" started-at="2018-12-04T10:16:37Z" finished-at="2018-12-04T10:16:38Z">
          <reporter-output>
          </reporter-output>
        </test-method> <!-- TearDown -->
      </class> <!-- Dafater_Auto_MyOwn.Selenuim.LoginPage_Test -->
    </test> <!-- test -->
  </suite> <!-- DafaterRegression -->
</testng-results>
